  gl_core_4_4.c
  ApplicationBase.cpp
ApplicationBase.cpp(6): fatal error C1083: Cannot open include file: 'gl_core_4_4.h': No such file or directory
  ApplicationDemo.cpp
ApplicationDemo.cpp(7): fatal error C1083: Cannot open include file: 'stb_image.h': No such file or directory
  Camera.cpp
c:\users\s171380\documents\glengine_2017\glengine\Camera.h(3): fatal error C1083: Cannot open include file: 'glm\glm.hpp': No such file or directory
  GeometryHelper.cpp
c:\users\s171380\documents\glengine_2017\glengine\GeometryHelper.h(3): fatal error C1083: Cannot open include file: 'glm/vec2.hpp': No such file or directory
  Gizmos.cpp
c:\users\s171380\documents\glengine_2017\glengine\Gizmos.h(3): fatal error C1083: Cannot open include file: 'glm/fwd.hpp': No such file or directory
  Light.cpp
c:\users\s171380\documents\glengine_2017\glengine\Transform.h(2): fatal error C1083: Cannot open include file: 'glm\glm.hpp': No such file or directory
  Loader.cpp
  main.cpp
  Material.cpp
c:\users\s171380\documents\glengine_2017\glengine\Material.h(5): fatal error C1083: Cannot open include file: 'glm\glm.hpp': No such file or directory
  Mesh.cpp
c:\users\s171380\documents\glengine_2017\glengine\Mesh.h(2): fatal error C1083: Cannot open include file: 'glm\glm.hpp': No such file or directory
  Primatives.cpp
  RenderableObject.cpp
c:\users\s171380\documents\glengine_2017\glengine\Transform.h(2): fatal error C1083: Cannot open include file: 'glm\glm.hpp': No such file or directory
  RenderData.cpp
RenderData.cpp(6): fatal error C1083: Cannot open include file: 'gl_core_4_4.h': No such file or directory
  RenderTarget.cpp
RenderTarget.cpp(6): fatal error C1083: Cannot open include file: 'gl_core_4_4.h': No such file or directory
  Shader.cpp
Shader.cpp(7): fatal error C1083: Cannot open include file: 'gl_core_4_4.h': No such file or directory
  ShaderProgram.cpp
ShaderProgram.cpp(6): fatal error C1083: Cannot open include file: 'gl_core_4_4.h': No such file or directory
  ShaderCollection.cpp
c:\users\s171380\documents\glengine_2017\glengine\ShaderCollection.h(2): fatal error C1083: Cannot open include file: 'glm\glm.hpp': No such file or directory
  Texture.cpp
Texture.cpp(6): fatal error C1083: Cannot open include file: 'gl_core_4_4.h': No such file or directory
  tiny_obj_loader.cc
  Transform.cpp
c:\users\s171380\documents\glengine_2017\glengine\Transform.h(2): fatal error C1083: Cannot open include file: 'glm\glm.hpp': No such file or directory
  Compiling...
  VertexArray.cpp
VertexArray.cpp(3): fatal error C1083: Cannot open include file: 'gl_core_4_4.h': No such file or directory
